

Started GET "/" for 127.0.0.1 at 2013-11-09 14:02:07 +0000
Processing by Rails::WelcomeController#index as HTML
  Rendered /Users/msl/.rvm/gems/ruby-2.0.0-p247/gems/railties-4.0.1/lib/rails/templates/rails/welcome/index.html.erb (2.7ms)
Completed 200 OK in 52ms (Views: 36.0ms | ActiveRecord: 0.0ms)


Started GET "/" for 127.0.0.1 at 2013-11-09 14:02:46 +0000

ArgumentError (missing :controller):
  config/routes.rb:4:in `block in <top (required)>'
  config/routes.rb:1:in `<top (required)>'


  Rendered /Users/msl/.rvm/gems/ruby-2.0.0-p247/gems/actionpack-4.0.1/lib/action_dispatch/middleware/templates/rescues/_source.erb (0.8ms)
  Rendered /Users/msl/.rvm/gems/ruby-2.0.0-p247/gems/actionpack-4.0.1/lib/action_dispatch/middleware/templates/rescues/_trace.erb (1.4ms)
  Rendered /Users/msl/.rvm/gems/ruby-2.0.0-p247/gems/actionpack-4.0.1/lib/action_dispatch/middleware/templates/rescues/_request_and_response.erb (1.5ms)
  Rendered /Users/msl/.rvm/gems/ruby-2.0.0-p247/gems/actionpack-4.0.1/lib/action_dispatch/middleware/templates/rescues/diagnostics.erb within rescues/layout (22.4ms)


Started GET "/" for 127.0.0.1 at 2013-11-09 14:03:13 +0000

ArgumentError (missing :controller):
  config/routes.rb:4:in `block in <top (required)>'
  config/routes.rb:1:in `<top (required)>'


  Rendered /Users/msl/.rvm/gems/ruby-2.0.0-p247/gems/actionpack-4.0.1/lib/action_dispatch/middleware/templates/rescues/_source.erb (0.8ms)
  Rendered /Users/msl/.rvm/gems/ruby-2.0.0-p247/gems/actionpack-4.0.1/lib/action_dispatch/middleware/templates/rescues/_trace.erb (1.1ms)
  Rendered /Users/msl/.rvm/gems/ruby-2.0.0-p247/gems/actionpack-4.0.1/lib/action_dispatch/middleware/templates/rescues/_request_and_response.erb (0.9ms)
  Rendered /Users/msl/.rvm/gems/ruby-2.0.0-p247/gems/actionpack-4.0.1/lib/action_dispatch/middleware/templates/rescues/diagnostics.erb within rescues/layout (14.5ms)


Started GET "/" for 127.0.0.1 at 2013-11-09 14:03:14 +0000

ActionController::RoutingError (No route matches [GET] "/"):
  actionpack (4.0.1) lib/action_dispatch/middleware/debug_exceptions.rb:21:in `call'
  actionpack (4.0.1) lib/action_dispatch/middleware/show_exceptions.rb:30:in `call'
  railties (4.0.1) lib/rails/rack/logger.rb:38:in `call_app'
  railties (4.0.1) lib/rails/rack/logger.rb:20:in `block in call'
  activesupport (4.0.1) lib/active_support/tagged_logging.rb:67:in `block in tagged'
  activesupport (4.0.1) lib/active_support/tagged_logging.rb:25:in `tagged'
  activesupport (4.0.1) lib/active_support/tagged_logging.rb:67:in `tagged'
  railties (4.0.1) lib/rails/rack/logger.rb:20:in `call'
  actionpack (4.0.1) lib/action_dispatch/middleware/request_id.rb:21:in `call'
  rack (1.5.2) lib/rack/methodoverride.rb:21:in `call'
  rack (1.5.2) lib/rack/runtime.rb:17:in `call'
  activesupport (4.0.1) lib/active_support/cache/strategy/local_cache.rb:83:in `call'
  rack (1.5.2) lib/rack/lock.rb:17:in `call'
  actionpack (4.0.1) lib/action_dispatch/middleware/static.rb:64:in `call'
  rack (1.5.2) lib/rack/sendfile.rb:112:in `call'
  railties (4.0.1) lib/rails/engine.rb:511:in `call'
  railties (4.0.1) lib/rails/application.rb:97:in `call'
  rack (1.5.2) lib/rack/lock.rb:17:in `call'
  rack (1.5.2) lib/rack/content_length.rb:14:in `call'
  rack (1.5.2) lib/rack/handler/webrick.rb:60:in `service'
  /Users/msl/.rvm/rubies/ruby-2.0.0-p247/lib/ruby/2.0.0/webrick/httpserver.rb:138:in `service'
  /Users/msl/.rvm/rubies/ruby-2.0.0-p247/lib/ruby/2.0.0/webrick/httpserver.rb:94:in `run'
  /Users/msl/.rvm/rubies/ruby-2.0.0-p247/lib/ruby/2.0.0/webrick/server.rb:295:in `block in start_thread'


  Rendered /Users/msl/.rvm/gems/ruby-2.0.0-p247/gems/actionpack-4.0.1/lib/action_dispatch/middleware/templates/rescues/_trace.erb (1.0ms)
  Rendered /Users/msl/.rvm/gems/ruby-2.0.0-p247/gems/actionpack-4.0.1/lib/action_dispatch/middleware/templates/routes/_route.html.erb (1.2ms)
  Rendered /Users/msl/.rvm/gems/ruby-2.0.0-p247/gems/actionpack-4.0.1/lib/action_dispatch/middleware/templates/routes/_table.html.erb (6.4ms)
  Rendered /Users/msl/.rvm/gems/ruby-2.0.0-p247/gems/actionpack-4.0.1/lib/action_dispatch/middleware/templates/rescues/routing_error.erb within rescues/layout (25.9ms)


Started GET "/" for 127.0.0.1 at 2013-11-09 14:03:33 +0000

LoadError (cannot load such file -- oauth):
  app/controllers/home_controller.rb:1:in `<top (required)>'


  Rendered /Users/msl/.rvm/gems/ruby-2.0.0-p247/gems/actionpack-4.0.1/lib/action_dispatch/middleware/templates/rescues/_source.erb (0.7ms)
  Rendered /Users/msl/.rvm/gems/ruby-2.0.0-p247/gems/actionpack-4.0.1/lib/action_dispatch/middleware/templates/rescues/_trace.erb (1.5ms)
  Rendered /Users/msl/.rvm/gems/ruby-2.0.0-p247/gems/actionpack-4.0.1/lib/action_dispatch/middleware/templates/rescues/_request_and_response.erb (2.1ms)
  Rendered /Users/msl/.rvm/gems/ruby-2.0.0-p247/gems/actionpack-4.0.1/lib/action_dispatch/middleware/templates/rescues/diagnostics.erb within rescues/layout (16.6ms)


Started GET "/" for 127.0.0.1 at 2013-11-09 14:03:35 +0000

LoadError (cannot load such file -- oauth):
  app/controllers/home_controller.rb:1:in `<top (required)>'


  Rendered /Users/msl/.rvm/gems/ruby-2.0.0-p247/gems/actionpack-4.0.1/lib/action_dispatch/middleware/templates/rescues/_source.erb (0.7ms)
  Rendered /Users/msl/.rvm/gems/ruby-2.0.0-p247/gems/actionpack-4.0.1/lib/action_dispatch/middleware/templates/rescues/_trace.erb (1.1ms)
  Rendered /Users/msl/.rvm/gems/ruby-2.0.0-p247/gems/actionpack-4.0.1/lib/action_dispatch/middleware/templates/rescues/_request_and_response.erb (1.3ms)
  Rendered /Users/msl/.rvm/gems/ruby-2.0.0-p247/gems/actionpack-4.0.1/lib/action_dispatch/middleware/templates/rescues/diagnostics.erb within rescues/layout (15.8ms)


Started GET "/" for 127.0.0.1 at 2013-11-09 14:04:23 +0000

LoadError (cannot load such file -- oauth):
  app/controllers/home_controller.rb:1:in `<top (required)>'


  Rendered /Users/msl/.rvm/gems/ruby-2.0.0-p247/gems/actionpack-4.0.1/lib/action_dispatch/middleware/templates/rescues/_source.erb (1.0ms)
  Rendered /Users/msl/.rvm/gems/ruby-2.0.0-p247/gems/actionpack-4.0.1/lib/action_dispatch/middleware/templates/rescues/_trace.erb (29.0ms)
  Rendered /Users/msl/.rvm/gems/ruby-2.0.0-p247/gems/actionpack-4.0.1/lib/action_dispatch/middleware/templates/rescues/_request_and_response.erb (1.0ms)
  Rendered /Users/msl/.rvm/gems/ruby-2.0.0-p247/gems/actionpack-4.0.1/lib/action_dispatch/middleware/templates/rescues/diagnostics.erb within rescues/layout (43.4ms)


Started GET "/" for 127.0.0.1 at 2013-11-09 14:04:24 +0000

LoadError (cannot load such file -- oauth):
  app/controllers/home_controller.rb:1:in `<top (required)>'


  Rendered /Users/msl/.rvm/gems/ruby-2.0.0-p247/gems/actionpack-4.0.1/lib/action_dispatch/middleware/templates/rescues/_source.erb (0.6ms)
  Rendered /Users/msl/.rvm/gems/ruby-2.0.0-p247/gems/actionpack-4.0.1/lib/action_dispatch/middleware/templates/rescues/_trace.erb (1.0ms)
  Rendered /Users/msl/.rvm/gems/ruby-2.0.0-p247/gems/actionpack-4.0.1/lib/action_dispatch/middleware/templates/rescues/_request_and_response.erb (1.1ms)
  Rendered /Users/msl/.rvm/gems/ruby-2.0.0-p247/gems/actionpack-4.0.1/lib/action_dispatch/middleware/templates/rescues/diagnostics.erb within rescues/layout (14.2ms)


Started GET "/" for 127.0.0.1 at 2013-11-09 14:04:25 +0000

LoadError (cannot load such file -- oauth):
  app/controllers/home_controller.rb:1:in `<top (required)>'


  Rendered /Users/msl/.rvm/gems/ruby-2.0.0-p247/gems/actionpack-4.0.1/lib/action_dispatch/middleware/templates/rescues/_source.erb (0.8ms)
  Rendered /Users/msl/.rvm/gems/ruby-2.0.0-p247/gems/actionpack-4.0.1/lib/action_dispatch/middleware/templates/rescues/_trace.erb (1.6ms)
  Rendered /Users/msl/.rvm/gems/ruby-2.0.0-p247/gems/actionpack-4.0.1/lib/action_dispatch/middleware/templates/rescues/_request_and_response.erb (1.1ms)
  Rendered /Users/msl/.rvm/gems/ruby-2.0.0-p247/gems/actionpack-4.0.1/lib/action_dispatch/middleware/templates/rescues/diagnostics.erb within rescues/layout (15.6ms)


Started GET "/" for 127.0.0.1 at 2013-11-09 14:04:25 +0000

LoadError (cannot load such file -- oauth):
  app/controllers/home_controller.rb:1:in `<top (required)>'


  Rendered /Users/msl/.rvm/gems/ruby-2.0.0-p247/gems/actionpack-4.0.1/lib/action_dispatch/middleware/templates/rescues/_source.erb (0.6ms)
  Rendered /Users/msl/.rvm/gems/ruby-2.0.0-p247/gems/actionpack-4.0.1/lib/action_dispatch/middleware/templates/rescues/_trace.erb (1.0ms)
  Rendered /Users/msl/.rvm/gems/ruby-2.0.0-p247/gems/actionpack-4.0.1/lib/action_dispatch/middleware/templates/rescues/_request_and_response.erb (1.0ms)
  Rendered /Users/msl/.rvm/gems/ruby-2.0.0-p247/gems/actionpack-4.0.1/lib/action_dispatch/middleware/templates/rescues/diagnostics.erb within rescues/layout (13.1ms)


Started GET "/" for 127.0.0.1 at 2013-11-09 14:04:26 +0000

LoadError (cannot load such file -- oauth):
  app/controllers/home_controller.rb:1:in `<top (required)>'


  Rendered /Users/msl/.rvm/gems/ruby-2.0.0-p247/gems/actionpack-4.0.1/lib/action_dispatch/middleware/templates/rescues/_source.erb (1.0ms)
  Rendered /Users/msl/.rvm/gems/ruby-2.0.0-p247/gems/actionpack-4.0.1/lib/action_dispatch/middleware/templates/rescues/_trace.erb (1.1ms)
  Rendered /Users/msl/.rvm/gems/ruby-2.0.0-p247/gems/actionpack-4.0.1/lib/action_dispatch/middleware/templates/rescues/_request_and_response.erb (1.1ms)
  Rendered /Users/msl/.rvm/gems/ruby-2.0.0-p247/gems/actionpack-4.0.1/lib/action_dispatch/middleware/templates/rescues/diagnostics.erb within rescues/layout (15.3ms)


Started GET "/" for 127.0.0.1 at 2013-11-09 14:04:33 +0000
Processing by HomeController#home as HTML
Completed 500 Internal Server Error in 1ms

Errno::ENOENT (No such file or directory - config.yml):
  app/controllers/home_controller.rb:6:in `home'


  Rendered /Users/msl/.rvm/gems/ruby-2.0.0-p247/gems/actionpack-4.0.1/lib/action_dispatch/middleware/templates/rescues/_source.erb (0.7ms)
  Rendered /Users/msl/.rvm/gems/ruby-2.0.0-p247/gems/actionpack-4.0.1/lib/action_dispatch/middleware/templates/rescues/_trace.erb (1.1ms)
  Rendered /Users/msl/.rvm/gems/ruby-2.0.0-p247/gems/actionpack-4.0.1/lib/action_dispatch/middleware/templates/rescues/_request_and_response.erb (0.8ms)
  Rendered /Users/msl/.rvm/gems/ruby-2.0.0-p247/gems/actionpack-4.0.1/lib/action_dispatch/middleware/templates/rescues/diagnostics.erb within rescues/layout (13.6ms)


Started GET "/" for 127.0.0.1 at 2013-11-09 14:04:34 +0000
Processing by HomeController#home as HTML
Completed 500 Internal Server Error in 0ms

Errno::ENOENT (No such file or directory - config.yml):
  app/controllers/home_controller.rb:6:in `home'


  Rendered /Users/msl/.rvm/gems/ruby-2.0.0-p247/gems/actionpack-4.0.1/lib/action_dispatch/middleware/templates/rescues/_source.erb (0.8ms)
  Rendered /Users/msl/.rvm/gems/ruby-2.0.0-p247/gems/actionpack-4.0.1/lib/action_dispatch/middleware/templates/rescues/_trace.erb (1.2ms)
  Rendered /Users/msl/.rvm/gems/ruby-2.0.0-p247/gems/actionpack-4.0.1/lib/action_dispatch/middleware/templates/rescues/_request_and_response.erb (0.9ms)
  Rendered /Users/msl/.rvm/gems/ruby-2.0.0-p247/gems/actionpack-4.0.1/lib/action_dispatch/middleware/templates/rescues/diagnostics.erb within rescues/layout (16.1ms)


Started GET "/" for 127.0.0.1 at 2013-11-09 14:04:42 +0000
Processing by HomeController#home as HTML
Completed 500 Internal Server Error in 1ms

Errno::ENOENT (No such file or directory - config.yml):
  app/controllers/home_controller.rb:6:in `home'


  Rendered /Users/msl/.rvm/gems/ruby-2.0.0-p247/gems/actionpack-4.0.1/lib/action_dispatch/middleware/templates/rescues/_source.erb (0.8ms)
  Rendered /Users/msl/.rvm/gems/ruby-2.0.0-p247/gems/actionpack-4.0.1/lib/action_dispatch/middleware/templates/rescues/_trace.erb (1.0ms)
  Rendered /Users/msl/.rvm/gems/ruby-2.0.0-p247/gems/actionpack-4.0.1/lib/action_dispatch/middleware/templates/rescues/_request_and_response.erb (0.8ms)
  Rendered /Users/msl/.rvm/gems/ruby-2.0.0-p247/gems/actionpack-4.0.1/lib/action_dispatch/middleware/templates/rescues/diagnostics.erb within rescues/layout (14.2ms)


Started GET "/" for 127.0.0.1 at 2013-11-09 14:04:44 +0000
Processing by HomeController#home as HTML
Completed 500 Internal Server Error in 1ms

Errno::ENOENT (No such file or directory - config.yml):
  app/controllers/home_controller.rb:6:in `home'


  Rendered /Users/msl/.rvm/gems/ruby-2.0.0-p247/gems/actionpack-4.0.1/lib/action_dispatch/middleware/templates/rescues/_source.erb (0.6ms)
  Rendered /Users/msl/.rvm/gems/ruby-2.0.0-p247/gems/actionpack-4.0.1/lib/action_dispatch/middleware/templates/rescues/_trace.erb (1.0ms)
  Rendered /Users/msl/.rvm/gems/ruby-2.0.0-p247/gems/actionpack-4.0.1/lib/action_dispatch/middleware/templates/rescues/_request_and_response.erb (0.8ms)
  Rendered /Users/msl/.rvm/gems/ruby-2.0.0-p247/gems/actionpack-4.0.1/lib/action_dispatch/middleware/templates/rescues/diagnostics.erb within rescues/layout (13.1ms)


Started GET "/" for 127.0.0.1 at 2013-11-09 14:05:11 +0000
Processing by HomeController#home as HTML
Completed 500 Internal Server Error in 2ms

NameError (uninitialized constant HomeController::OAuth):
  app/controllers/home_controller.rb:13:in `home'


  Rendered /Users/msl/.rvm/gems/ruby-2.0.0-p247/gems/actionpack-4.0.1/lib/action_dispatch/middleware/templates/rescues/_source.erb (0.6ms)
  Rendered /Users/msl/.rvm/gems/ruby-2.0.0-p247/gems/actionpack-4.0.1/lib/action_dispatch/middleware/templates/rescues/_trace.erb (1.2ms)
  Rendered /Users/msl/.rvm/gems/ruby-2.0.0-p247/gems/actionpack-4.0.1/lib/action_dispatch/middleware/templates/rescues/_request_and_response.erb (0.9ms)
  Rendered /Users/msl/.rvm/gems/ruby-2.0.0-p247/gems/actionpack-4.0.1/lib/action_dispatch/middleware/templates/rescues/diagnostics.erb within rescues/layout (15.7ms)


Started GET "/" for 127.0.0.1 at 2013-11-09 14:05:20 +0000

LoadError (cannot load such file -- oauth):
  app/controllers/home_controller.rb:1:in `<top (required)>'


  Rendered /Users/msl/.rvm/gems/ruby-2.0.0-p247/gems/actionpack-4.0.1/lib/action_dispatch/middleware/templates/rescues/_source.erb (1.1ms)
  Rendered /Users/msl/.rvm/gems/ruby-2.0.0-p247/gems/actionpack-4.0.1/lib/action_dispatch/middleware/templates/rescues/_trace.erb (1.2ms)
  Rendered /Users/msl/.rvm/gems/ruby-2.0.0-p247/gems/actionpack-4.0.1/lib/action_dispatch/middleware/templates/rescues/_request_and_response.erb (2.4ms)
  Rendered /Users/msl/.rvm/gems/ruby-2.0.0-p247/gems/actionpack-4.0.1/lib/action_dispatch/middleware/templates/rescues/diagnostics.erb within rescues/layout (18.1ms)


Started GET "/" for 127.0.0.1 at 2013-11-09 14:05:29 +0000

LoadError (cannot load such file -- /Users/msl/Documents/programming/ruby/projects/bitbucket-app/app/controllers/oauth):
  app/controllers/home_controller.rb:1:in `require_relative'
  app/controllers/home_controller.rb:1:in `<top (required)>'


  Rendered /Users/msl/.rvm/gems/ruby-2.0.0-p247/gems/actionpack-4.0.1/lib/action_dispatch/middleware/templates/rescues/_source.erb (1.1ms)
  Rendered /Users/msl/.rvm/gems/ruby-2.0.0-p247/gems/actionpack-4.0.1/lib/action_dispatch/middleware/templates/rescues/_trace.erb (1.2ms)
  Rendered /Users/msl/.rvm/gems/ruby-2.0.0-p247/gems/actionpack-4.0.1/lib/action_dispatch/middleware/templates/rescues/_request_and_response.erb (1.1ms)
  Rendered /Users/msl/.rvm/gems/ruby-2.0.0-p247/gems/actionpack-4.0.1/lib/action_dispatch/middleware/templates/rescues/diagnostics.erb within rescues/layout (17.3ms)


Started GET "/" for 127.0.0.1 at 2013-11-09 14:06:33 +0000

LoadError (cannot load such file -- oauth):
  app/controllers/home_controller.rb:1:in `<top (required)>'


  Rendered /Users/msl/.rvm/gems/ruby-2.0.0-p247/gems/actionpack-4.0.1/lib/action_dispatch/middleware/templates/rescues/_source.erb (0.6ms)
  Rendered /Users/msl/.rvm/gems/ruby-2.0.0-p247/gems/actionpack-4.0.1/lib/action_dispatch/middleware/templates/rescues/_trace.erb (27.5ms)
  Rendered /Users/msl/.rvm/gems/ruby-2.0.0-p247/gems/actionpack-4.0.1/lib/action_dispatch/middleware/templates/rescues/_request_and_response.erb (1.0ms)
  Rendered /Users/msl/.rvm/gems/ruby-2.0.0-p247/gems/actionpack-4.0.1/lib/action_dispatch/middleware/templates/rescues/diagnostics.erb within rescues/layout (40.1ms)


Started GET "/" for 127.0.0.1 at 2013-11-09 14:07:37 +0000

LoadError (cannot load such file -- oauth):
  app/controllers/home_controller.rb:1:in `<top (required)>'


  Rendered /Users/msl/.rvm/gems/ruby-2.0.0-p247/gems/actionpack-4.0.1/lib/action_dispatch/middleware/templates/rescues/_source.erb (0.6ms)
  Rendered /Users/msl/.rvm/gems/ruby-2.0.0-p247/gems/actionpack-4.0.1/lib/action_dispatch/middleware/templates/rescues/_trace.erb (1.0ms)
  Rendered /Users/msl/.rvm/gems/ruby-2.0.0-p247/gems/actionpack-4.0.1/lib/action_dispatch/middleware/templates/rescues/_request_and_response.erb (1.0ms)
  Rendered /Users/msl/.rvm/gems/ruby-2.0.0-p247/gems/actionpack-4.0.1/lib/action_dispatch/middleware/templates/rescues/diagnostics.erb within rescues/layout (13.5ms)


Started GET "/" for 127.0.0.1 at 2013-11-09 14:11:46 +0000
Processing by HomeController#home as HTML
Completed 500 Internal Server Error in 2ms

NameError (uninitialized constant HomeController::OAuth):
  app/controllers/home_controller.rb:10:in `home'


  Rendered /Users/msl/.rvm/gems/ruby-2.0.0-p247/gems/actionpack-4.0.1/lib/action_dispatch/middleware/templates/rescues/_source.erb (1.0ms)
  Rendered /Users/msl/.rvm/gems/ruby-2.0.0-p247/gems/actionpack-4.0.1/lib/action_dispatch/middleware/templates/rescues/_trace.erb (1.6ms)
  Rendered /Users/msl/.rvm/gems/ruby-2.0.0-p247/gems/actionpack-4.0.1/lib/action_dispatch/middleware/templates/rescues/_request_and_response.erb (1.1ms)
  Rendered /Users/msl/.rvm/gems/ruby-2.0.0-p247/gems/actionpack-4.0.1/lib/action_dispatch/middleware/templates/rescues/diagnostics.erb within rescues/layout (18.5ms)


Started GET "/" for 127.0.0.1 at 2013-11-09 14:16:52 +0000
Processing by HomeController#home as HTML
Completed 500 Internal Server Error in 2ms

NameError (uninitialized constant HomeController::OAuth):
  app/controllers/home_controller.rb:10:in `home'


  Rendered /Users/msl/.rvm/gems/ruby-2.0.0-p247/gems/actionpack-4.0.1/lib/action_dispatch/middleware/templates/rescues/_source.erb (1.2ms)
  Rendered /Users/msl/.rvm/gems/ruby-2.0.0-p247/gems/actionpack-4.0.1/lib/action_dispatch/middleware/templates/rescues/_trace.erb (2.7ms)
  Rendered /Users/msl/.rvm/gems/ruby-2.0.0-p247/gems/actionpack-4.0.1/lib/action_dispatch/middleware/templates/rescues/_request_and_response.erb (1.5ms)
  Rendered /Users/msl/.rvm/gems/ruby-2.0.0-p247/gems/actionpack-4.0.1/lib/action_dispatch/middleware/templates/rescues/diagnostics.erb within rescues/layout (27.9ms)


Started GET "/" for 127.0.0.1 at 2013-11-09 14:16:53 +0000
Processing by HomeController#home as HTML
Completed 500 Internal Server Error in 3ms

NameError (uninitialized constant HomeController::OAuth):
  app/controllers/home_controller.rb:10:in `home'


  Rendered /Users/msl/.rvm/gems/ruby-2.0.0-p247/gems/actionpack-4.0.1/lib/action_dispatch/middleware/templates/rescues/_source.erb (1.1ms)
  Rendered /Users/msl/.rvm/gems/ruby-2.0.0-p247/gems/actionpack-4.0.1/lib/action_dispatch/middleware/templates/rescues/_trace.erb (1.8ms)
  Rendered /Users/msl/.rvm/gems/ruby-2.0.0-p247/gems/actionpack-4.0.1/lib/action_dispatch/middleware/templates/rescues/_request_and_response.erb (1.4ms)
  Rendered /Users/msl/.rvm/gems/ruby-2.0.0-p247/gems/actionpack-4.0.1/lib/action_dispatch/middleware/templates/rescues/diagnostics.erb within rescues/layout (21.6ms)


Started GET "/" for 127.0.0.1 at 2013-11-09 14:16:54 +0000
Processing by HomeController#home as HTML
Completed 500 Internal Server Error in 2ms

NameError (uninitialized constant HomeController::OAuth):
  app/controllers/home_controller.rb:10:in `home'


  Rendered /Users/msl/.rvm/gems/ruby-2.0.0-p247/gems/actionpack-4.0.1/lib/action_dispatch/middleware/templates/rescues/_source.erb (1.2ms)
  Rendered /Users/msl/.rvm/gems/ruby-2.0.0-p247/gems/actionpack-4.0.1/lib/action_dispatch/middleware/templates/rescues/_trace.erb (2.1ms)
  Rendered /Users/msl/.rvm/gems/ruby-2.0.0-p247/gems/actionpack-4.0.1/lib/action_dispatch/middleware/templates/rescues/_request_and_response.erb (1.6ms)
  Rendered /Users/msl/.rvm/gems/ruby-2.0.0-p247/gems/actionpack-4.0.1/lib/action_dispatch/middleware/templates/rescues/diagnostics.erb within rescues/layout (23.7ms)


Started GET "/" for 127.0.0.1 at 2013-11-09 14:16:54 +0000
Processing by HomeController#home as HTML
Completed 500 Internal Server Error in 2ms

NameError (uninitialized constant HomeController::OAuth):
  app/controllers/home_controller.rb:10:in `home'


  Rendered /Users/msl/.rvm/gems/ruby-2.0.0-p247/gems/actionpack-4.0.1/lib/action_dispatch/middleware/templates/rescues/_source.erb (25.4ms)
  Rendered /Users/msl/.rvm/gems/ruby-2.0.0-p247/gems/actionpack-4.0.1/lib/action_dispatch/middleware/templates/rescues/_trace.erb (10.8ms)
  Rendered /Users/msl/.rvm/gems/ruby-2.0.0-p247/gems/actionpack-4.0.1/lib/action_dispatch/middleware/templates/rescues/_request_and_response.erb (1.5ms)
  Rendered /Users/msl/.rvm/gems/ruby-2.0.0-p247/gems/actionpack-4.0.1/lib/action_dispatch/middleware/templates/rescues/diagnostics.erb within rescues/layout (66.4ms)


Started GET "/" for 127.0.0.1 at 2013-11-09 14:17:54 +0000

LoadError (cannot load such file -- oauth):
  app/controllers/home_controller.rb:1:in `<top (required)>'


  Rendered /Users/msl/.rvm/gems/ruby-2.0.0-p247/gems/actionpack-4.0.1/lib/action_dispatch/middleware/templates/rescues/_source.erb (0.7ms)
  Rendered /Users/msl/.rvm/gems/ruby-2.0.0-p247/gems/actionpack-4.0.1/lib/action_dispatch/middleware/templates/rescues/_trace.erb (1.2ms)
  Rendered /Users/msl/.rvm/gems/ruby-2.0.0-p247/gems/actionpack-4.0.1/lib/action_dispatch/middleware/templates/rescues/_request_and_response.erb (1.1ms)
  Rendered /Users/msl/.rvm/gems/ruby-2.0.0-p247/gems/actionpack-4.0.1/lib/action_dispatch/middleware/templates/rescues/diagnostics.erb within rescues/layout (15.3ms)


Started GET "/" for 127.0.0.1 at 2013-11-09 14:20:44 +0000
Processing by HomeController#home as HTML
Completed 500 Internal Server Error in 1ms

NameError (uninitialized constant HomeController::OAuth):
  app/controllers/home_controller.rb:10:in `home'


  Rendered /Users/msl/.rvm/gems/ruby-2.0.0-p247/gems/actionpack-4.0.1/lib/action_dispatch/middleware/templates/rescues/_source.erb (0.7ms)
  Rendered /Users/msl/.rvm/gems/ruby-2.0.0-p247/gems/actionpack-4.0.1/lib/action_dispatch/middleware/templates/rescues/_trace.erb (1.0ms)
  Rendered /Users/msl/.rvm/gems/ruby-2.0.0-p247/gems/actionpack-4.0.1/lib/action_dispatch/middleware/templates/rescues/_request_and_response.erb (0.8ms)
  Rendered /Users/msl/.rvm/gems/ruby-2.0.0-p247/gems/actionpack-4.0.1/lib/action_dispatch/middleware/templates/rescues/diagnostics.erb within rescues/layout (13.9ms)


Started GET "/" for 127.0.0.1 at 2013-11-09 14:21:15 +0000
Processing by HomeController#home as HTML
Completed 500 Internal Server Error in 1ms

NameError (uninitialized constant HomeController::OAuth):
  app/controllers/home_controller.rb:10:in `home'


  Rendered /Users/msl/.rvm/gems/ruby-2.0.0-p247/gems/actionpack-4.0.1/lib/action_dispatch/middleware/templates/rescues/_source.erb (0.7ms)
  Rendered /Users/msl/.rvm/gems/ruby-2.0.0-p247/gems/actionpack-4.0.1/lib/action_dispatch/middleware/templates/rescues/_trace.erb (1.0ms)
  Rendered /Users/msl/.rvm/gems/ruby-2.0.0-p247/gems/actionpack-4.0.1/lib/action_dispatch/middleware/templates/rescues/_request_and_response.erb (0.8ms)
  Rendered /Users/msl/.rvm/gems/ruby-2.0.0-p247/gems/actionpack-4.0.1/lib/action_dispatch/middleware/templates/rescues/diagnostics.erb within rescues/layout (13.6ms)


Started GET "/" for 127.0.0.1 at 2013-11-09 14:22:04 +0000
Processing by HomeController#home as HTML
Completed 500 Internal Server Error in 1ms

NameError (uninitialized constant HomeController::OAuth):
  app/controllers/home_controller.rb:10:in `home'


  Rendered /Users/msl/.rvm/gems/ruby-2.0.0-p247/gems/actionpack-4.0.1/lib/action_dispatch/middleware/templates/rescues/_source.erb (0.6ms)
  Rendered /Users/msl/.rvm/gems/ruby-2.0.0-p247/gems/actionpack-4.0.1/lib/action_dispatch/middleware/templates/rescues/_trace.erb (26.9ms)
  Rendered /Users/msl/.rvm/gems/ruby-2.0.0-p247/gems/actionpack-4.0.1/lib/action_dispatch/middleware/templates/rescues/_request_and_response.erb (0.9ms)
  Rendered /Users/msl/.rvm/gems/ruby-2.0.0-p247/gems/actionpack-4.0.1/lib/action_dispatch/middleware/templates/rescues/diagnostics.erb within rescues/layout (39.2ms)


Started GET "/" for 127.0.0.1 at 2013-11-09 14:22:05 +0000
Processing by HomeController#home as HTML
Completed 500 Internal Server Error in 2ms

NameError (uninitialized constant HomeController::OAuth):
  app/controllers/home_controller.rb:10:in `home'


  Rendered /Users/msl/.rvm/gems/ruby-2.0.0-p247/gems/actionpack-4.0.1/lib/action_dispatch/middleware/templates/rescues/_source.erb (0.7ms)
  Rendered /Users/msl/.rvm/gems/ruby-2.0.0-p247/gems/actionpack-4.0.1/lib/action_dispatch/middleware/templates/rescues/_trace.erb (1.0ms)
  Rendered /Users/msl/.rvm/gems/ruby-2.0.0-p247/gems/actionpack-4.0.1/lib/action_dispatch/middleware/templates/rescues/_request_and_response.erb (1.2ms)
  Rendered /Users/msl/.rvm/gems/ruby-2.0.0-p247/gems/actionpack-4.0.1/lib/action_dispatch/middleware/templates/rescues/diagnostics.erb within rescues/layout (14.3ms)


Started GET "/" for 127.0.0.1 at 2013-11-09 14:22:05 +0000
Processing by HomeController#home as HTML
Completed 500 Internal Server Error in 1ms

NameError (uninitialized constant HomeController::OAuth):
  app/controllers/home_controller.rb:10:in `home'


  Rendered /Users/msl/.rvm/gems/ruby-2.0.0-p247/gems/actionpack-4.0.1/lib/action_dispatch/middleware/templates/rescues/_source.erb (0.9ms)
  Rendered /Users/msl/.rvm/gems/ruby-2.0.0-p247/gems/actionpack-4.0.1/lib/action_dispatch/middleware/templates/rescues/_trace.erb (1.5ms)
  Rendered /Users/msl/.rvm/gems/ruby-2.0.0-p247/gems/actionpack-4.0.1/lib/action_dispatch/middleware/templates/rescues/_request_and_response.erb (1.0ms)
  Rendered /Users/msl/.rvm/gems/ruby-2.0.0-p247/gems/actionpack-4.0.1/lib/action_dispatch/middleware/templates/rescues/diagnostics.erb within rescues/layout (17.3ms)


Started GET "/" for 127.0.0.1 at 2013-11-09 14:22:05 +0000
Processing by HomeController#home as HTML
Completed 500 Internal Server Error in 2ms

NameError (uninitialized constant HomeController::OAuth):
  app/controllers/home_controller.rb:10:in `home'


  Rendered /Users/msl/.rvm/gems/ruby-2.0.0-p247/gems/actionpack-4.0.1/lib/action_dispatch/middleware/templates/rescues/_source.erb (0.6ms)
  Rendered /Users/msl/.rvm/gems/ruby-2.0.0-p247/gems/actionpack-4.0.1/lib/action_dispatch/middleware/templates/rescues/_trace.erb (1.0ms)
  Rendered /Users/msl/.rvm/gems/ruby-2.0.0-p247/gems/actionpack-4.0.1/lib/action_dispatch/middleware/templates/rescues/_request_and_response.erb (0.8ms)
  Rendered /Users/msl/.rvm/gems/ruby-2.0.0-p247/gems/actionpack-4.0.1/lib/action_dispatch/middleware/templates/rescues/diagnostics.erb within rescues/layout (12.9ms)


Started GET "/" for 127.0.0.1 at 2013-11-09 14:22:06 +0000
Processing by HomeController#home as HTML
Completed 500 Internal Server Error in 2ms

NameError (uninitialized constant HomeController::OAuth):
  app/controllers/home_controller.rb:10:in `home'


  Rendered /Users/msl/.rvm/gems/ruby-2.0.0-p247/gems/actionpack-4.0.1/lib/action_dispatch/middleware/templates/rescues/_source.erb (0.6ms)
  Rendered /Users/msl/.rvm/gems/ruby-2.0.0-p247/gems/actionpack-4.0.1/lib/action_dispatch/middleware/templates/rescues/_trace.erb (1.0ms)
  Rendered /Users/msl/.rvm/gems/ruby-2.0.0-p247/gems/actionpack-4.0.1/lib/action_dispatch/middleware/templates/rescues/_request_and_response.erb (0.8ms)
  Rendered /Users/msl/.rvm/gems/ruby-2.0.0-p247/gems/actionpack-4.0.1/lib/action_dispatch/middleware/templates/rescues/diagnostics.erb within rescues/layout (12.9ms)


Started GET "/" for 127.0.0.1 at 2013-11-09 14:22:06 +0000
Processing by HomeController#home as HTML
Completed 500 Internal Server Error in 1ms

NameError (uninitialized constant HomeController::OAuth):
  app/controllers/home_controller.rb:10:in `home'


  Rendered /Users/msl/.rvm/gems/ruby-2.0.0-p247/gems/actionpack-4.0.1/lib/action_dispatch/middleware/templates/rescues/_source.erb (0.7ms)
  Rendered /Users/msl/.rvm/gems/ruby-2.0.0-p247/gems/actionpack-4.0.1/lib/action_dispatch/middleware/templates/rescues/_trace.erb (1.1ms)
  Rendered /Users/msl/.rvm/gems/ruby-2.0.0-p247/gems/actionpack-4.0.1/lib/action_dispatch/middleware/templates/rescues/_request_and_response.erb (1.0ms)
  Rendered /Users/msl/.rvm/gems/ruby-2.0.0-p247/gems/actionpack-4.0.1/lib/action_dispatch/middleware/templates/rescues/diagnostics.erb within rescues/layout (14.7ms)


Started GET "/" for 127.0.0.1 at 2013-11-09 14:22:06 +0000
Processing by HomeController#home as HTML
Completed 500 Internal Server Error in 1ms

NameError (uninitialized constant HomeController::OAuth):
  app/controllers/home_controller.rb:10:in `home'


  Rendered /Users/msl/.rvm/gems/ruby-2.0.0-p247/gems/actionpack-4.0.1/lib/action_dispatch/middleware/templates/rescues/_source.erb (0.7ms)
  Rendered /Users/msl/.rvm/gems/ruby-2.0.0-p247/gems/actionpack-4.0.1/lib/action_dispatch/middleware/templates/rescues/_trace.erb (1.0ms)
  Rendered /Users/msl/.rvm/gems/ruby-2.0.0-p247/gems/actionpack-4.0.1/lib/action_dispatch/middleware/templates/rescues/_request_and_response.erb (0.9ms)
  Rendered /Users/msl/.rvm/gems/ruby-2.0.0-p247/gems/actionpack-4.0.1/lib/action_dispatch/middleware/templates/rescues/diagnostics.erb within rescues/layout (13.3ms)


Started GET "/" for 127.0.0.1 at 2013-11-09 14:22:06 +0000
Processing by HomeController#home as HTML
Completed 500 Internal Server Error in 1ms

NameError (uninitialized constant HomeController::OAuth):
  app/controllers/home_controller.rb:10:in `home'


  Rendered /Users/msl/.rvm/gems/ruby-2.0.0-p247/gems/actionpack-4.0.1/lib/action_dispatch/middleware/templates/rescues/_source.erb (0.6ms)
  Rendered /Users/msl/.rvm/gems/ruby-2.0.0-p247/gems/actionpack-4.0.1/lib/action_dispatch/middleware/templates/rescues/_trace.erb (1.3ms)
  Rendered /Users/msl/.rvm/gems/ruby-2.0.0-p247/gems/actionpack-4.0.1/lib/action_dispatch/middleware/templates/rescues/_request_and_response.erb (0.8ms)
  Rendered /Users/msl/.rvm/gems/ruby-2.0.0-p247/gems/actionpack-4.0.1/lib/action_dispatch/middleware/templates/rescues/diagnostics.erb within rescues/layout (13.4ms)


Started GET "/" for 127.0.0.1 at 2013-11-09 14:22:07 +0000
Processing by HomeController#home as HTML
Completed 500 Internal Server Error in 1ms

NameError (uninitialized constant HomeController::OAuth):
  app/controllers/home_controller.rb:10:in `home'


  Rendered /Users/msl/.rvm/gems/ruby-2.0.0-p247/gems/actionpack-4.0.1/lib/action_dispatch/middleware/templates/rescues/_source.erb (1.2ms)
  Rendered /Users/msl/.rvm/gems/ruby-2.0.0-p247/gems/actionpack-4.0.1/lib/action_dispatch/middleware/templates/rescues/_trace.erb (1.0ms)
  Rendered /Users/msl/.rvm/gems/ruby-2.0.0-p247/gems/actionpack-4.0.1/lib/action_dispatch/middleware/templates/rescues/_request_and_response.erb (1.5ms)
  Rendered /Users/msl/.rvm/gems/ruby-2.0.0-p247/gems/actionpack-4.0.1/lib/action_dispatch/middleware/templates/rescues/diagnostics.erb within rescues/layout (18.0ms)


Started GET "/" for 127.0.0.1 at 2013-11-09 14:22:07 +0000
Processing by HomeController#home as HTML
Completed 500 Internal Server Error in 1ms

NameError (uninitialized constant HomeController::OAuth):
  app/controllers/home_controller.rb:10:in `home'


  Rendered /Users/msl/.rvm/gems/ruby-2.0.0-p247/gems/actionpack-4.0.1/lib/action_dispatch/middleware/templates/rescues/_source.erb (0.6ms)
  Rendered /Users/msl/.rvm/gems/ruby-2.0.0-p247/gems/actionpack-4.0.1/lib/action_dispatch/middleware/templates/rescues/_trace.erb (1.0ms)
  Rendered /Users/msl/.rvm/gems/ruby-2.0.0-p247/gems/actionpack-4.0.1/lib/action_dispatch/middleware/templates/rescues/_request_and_response.erb (0.9ms)
  Rendered /Users/msl/.rvm/gems/ruby-2.0.0-p247/gems/actionpack-4.0.1/lib/action_dispatch/middleware/templates/rescues/diagnostics.erb within rescues/layout (12.9ms)


Started GET "/" for 127.0.0.1 at 2013-11-09 14:22:41 +0000
Processing by HomeController#home as HTML
Completed 500 Internal Server Error in 1ms

NameError (uninitialized constant OAuth):
  app/controllers/home_controller.rb:10:in `home'


  Rendered /Users/msl/.rvm/gems/ruby-2.0.0-p247/gems/actionpack-4.0.1/lib/action_dispatch/middleware/templates/rescues/_source.erb (1.2ms)
  Rendered /Users/msl/.rvm/gems/ruby-2.0.0-p247/gems/actionpack-4.0.1/lib/action_dispatch/middleware/templates/rescues/_trace.erb (1.0ms)
  Rendered /Users/msl/.rvm/gems/ruby-2.0.0-p247/gems/actionpack-4.0.1/lib/action_dispatch/middleware/templates/rescues/_request_and_response.erb (1.1ms)
  Rendered /Users/msl/.rvm/gems/ruby-2.0.0-p247/gems/actionpack-4.0.1/lib/action_dispatch/middleware/templates/rescues/diagnostics.erb within rescues/layout (17.9ms)


Started GET "/" for 127.0.0.1 at 2013-11-09 14:22:44 +0000
Processing by HomeController#home as HTML
Completed 500 Internal Server Error in 1ms

NameError (uninitialized constant OAuth):
  app/controllers/home_controller.rb:10:in `home'


  Rendered /Users/msl/.rvm/gems/ruby-2.0.0-p247/gems/actionpack-4.0.1/lib/action_dispatch/middleware/templates/rescues/_source.erb (0.6ms)
  Rendered /Users/msl/.rvm/gems/ruby-2.0.0-p247/gems/actionpack-4.0.1/lib/action_dispatch/middleware/templates/rescues/_trace.erb (1.1ms)
  Rendered /Users/msl/.rvm/gems/ruby-2.0.0-p247/gems/actionpack-4.0.1/lib/action_dispatch/middleware/templates/rescues/_request_and_response.erb (0.9ms)
  Rendered /Users/msl/.rvm/gems/ruby-2.0.0-p247/gems/actionpack-4.0.1/lib/action_dispatch/middleware/templates/rescues/diagnostics.erb within rescues/layout (14.3ms)


Started GET "/" for 127.0.0.1 at 2013-11-09 14:22:49 +0000
Processing by HomeController#home as HTML
Completed 500 Internal Server Error in 34ms

NameError (uninitialized constant HomeController::OAuth):
  app/controllers/home_controller.rb:10:in `home'


  Rendered /Users/msl/.rvm/gems/ruby-2.0.0-p247/gems/actionpack-4.0.1/lib/action_dispatch/middleware/templates/rescues/_source.erb (0.8ms)
  Rendered /Users/msl/.rvm/gems/ruby-2.0.0-p247/gems/actionpack-4.0.1/lib/action_dispatch/middleware/templates/rescues/_trace.erb (1.0ms)
  Rendered /Users/msl/.rvm/gems/ruby-2.0.0-p247/gems/actionpack-4.0.1/lib/action_dispatch/middleware/templates/rescues/_request_and_response.erb (0.8ms)
  Rendered /Users/msl/.rvm/gems/ruby-2.0.0-p247/gems/actionpack-4.0.1/lib/action_dispatch/middleware/templates/rescues/diagnostics.erb within rescues/layout (14.2ms)


Started GET "/" for 127.0.0.1 at 2013-11-09 14:22:53 +0000
Processing by HomeController#home as HTML
Completed 500 Internal Server Error in 1ms

NameError (uninitialized constant OAuth):
  app/controllers/home_controller.rb:10:in `home'


  Rendered /Users/msl/.rvm/gems/ruby-2.0.0-p247/gems/actionpack-4.0.1/lib/action_dispatch/middleware/templates/rescues/_source.erb (0.7ms)
  Rendered /Users/msl/.rvm/gems/ruby-2.0.0-p247/gems/actionpack-4.0.1/lib/action_dispatch/middleware/templates/rescues/_trace.erb (1.3ms)
  Rendered /Users/msl/.rvm/gems/ruby-2.0.0-p247/gems/actionpack-4.0.1/lib/action_dispatch/middleware/templates/rescues/_request_and_response.erb (1.1ms)
  Rendered /Users/msl/.rvm/gems/ruby-2.0.0-p247/gems/actionpack-4.0.1/lib/action_dispatch/middleware/templates/rescues/diagnostics.erb within rescues/layout (16.3ms)


Started GET "/" for 127.0.0.1 at 2013-11-09 14:23:01 +0000

SyntaxError (/Users/msl/Documents/programming/ruby/projects/bitbucket-app/app/controllers/home_controller.rb:10: syntax error, unexpected tIDENTIFIER, expecting tCONSTANT
    @consumer = ::oauth::Consumer.new(consumer_key, ...
                       ^):
  activesupport (4.0.1) lib/active_support/dependencies.rb:424:in `load'
  activesupport (4.0.1) lib/active_support/dependencies.rb:424:in `block in load_file'
  activesupport (4.0.1) lib/active_support/dependencies.rb:616:in `new_constants_in'
  activesupport (4.0.1) lib/active_support/dependencies.rb:423:in `load_file'
  activesupport (4.0.1) lib/active_support/dependencies.rb:324:in `require_or_load'
  activesupport (4.0.1) lib/active_support/dependencies.rb:463:in `load_missing_constant'
  activesupport (4.0.1) lib/active_support/dependencies.rb:184:in `const_missing'
  activesupport (4.0.1) lib/active_support/inflector/methods.rb:226:in `const_get'
  activesupport (4.0.1) lib/active_support/inflector/methods.rb:226:in `block in constantize'
  activesupport (4.0.1) lib/active_support/inflector/methods.rb:224:in `each'
  activesupport (4.0.1) lib/active_support/inflector/methods.rb:224:in `inject'
  activesupport (4.0.1) lib/active_support/inflector/methods.rb:224:in `constantize'
  activesupport (4.0.1) lib/active_support/dependencies.rb:535:in `get'
  activesupport (4.0.1) lib/active_support/dependencies.rb:566:in `constantize'
  actionpack (4.0.1) lib/action_dispatch/routing/route_set.rb:76:in `controller_reference'
  actionpack (4.0.1) lib/action_dispatch/routing/route_set.rb:66:in `controller'
  actionpack (4.0.1) lib/action_dispatch/routing/route_set.rb:44:in `call'
  actionpack (4.0.1) lib/action_dispatch/journey/router.rb:71:in `block in call'
  actionpack (4.0.1) lib/action_dispatch/journey/router.rb:59:in `each'
  actionpack (4.0.1) lib/action_dispatch/journey/router.rb:59:in `call'
  actionpack (4.0.1) lib/action_dispatch/routing/route_set.rb:680:in `call'
  rack (1.5.2) lib/rack/etag.rb:23:in `call'
  rack (1.5.2) lib/rack/conditionalget.rb:25:in `call'
  rack (1.5.2) lib/rack/head.rb:11:in `call'
  actionpack (4.0.1) lib/action_dispatch/middleware/params_parser.rb:27:in `call'
  actionpack (4.0.1) lib/action_dispatch/middleware/flash.rb:241:in `call'
  rack (1.5.2) lib/rack/session/abstract/id.rb:225:in `context'
  rack (1.5.2) lib/rack/session/abstract/id.rb:220:in `call'
  actionpack (4.0.1) lib/action_dispatch/middleware/cookies.rb:486:in `call'
  activerecord (4.0.1) lib/active_record/query_cache.rb:36:in `call'
  activerecord (4.0.1) lib/active_record/connection_adapters/abstract/connection_pool.rb:626:in `call'
  activerecord (4.0.1) lib/active_record/migration.rb:369:in `call'
  actionpack (4.0.1) lib/action_dispatch/middleware/callbacks.rb:29:in `block in call'
  activesupport (4.0.1) lib/active_support/callbacks.rb:373:in `_run__1648377636575557556__call__callbacks'
  activesupport (4.0.1) lib/active_support/callbacks.rb:80:in `run_callbacks'
  actionpack (4.0.1) lib/action_dispatch/middleware/callbacks.rb:27:in `call'
  actionpack (4.0.1) lib/action_dispatch/middleware/reloader.rb:64:in `call'
  actionpack (4.0.1) lib/action_dispatch/middleware/remote_ip.rb:76:in `call'
  actionpack (4.0.1) lib/action_dispatch/middleware/debug_exceptions.rb:17:in `call'
  actionpack (4.0.1) lib/action_dispatch/middleware/show_exceptions.rb:30:in `call'
  railties (4.0.1) lib/rails/rack/logger.rb:38:in `call_app'
  railties (4.0.1) lib/rails/rack/logger.rb:20:in `block in call'
  activesupport (4.0.1) lib/active_support/tagged_logging.rb:67:in `block in tagged'
  activesupport (4.0.1) lib/active_support/tagged_logging.rb:25:in `tagged'
  activesupport (4.0.1) lib/active_support/tagged_logging.rb:67:in `tagged'
  railties (4.0.1) lib/rails/rack/logger.rb:20:in `call'
  actionpack (4.0.1) lib/action_dispatch/middleware/request_id.rb:21:in `call'
  rack (1.5.2) lib/rack/methodoverride.rb:21:in `call'
  rack (1.5.2) lib/rack/runtime.rb:17:in `call'
  activesupport (4.0.1) lib/active_support/cache/strategy/local_cache.rb:83:in `call'
  rack (1.5.2) lib/rack/lock.rb:17:in `call'
  actionpack (4.0.1) lib/action_dispatch/middleware/static.rb:64:in `call'
  rack (1.5.2) lib/rack/sendfile.rb:112:in `call'
  railties (4.0.1) lib/rails/engine.rb:511:in `call'
  railties (4.0.1) lib/rails/application.rb:97:in `call'
  rack (1.5.2) lib/rack/lock.rb:17:in `call'
  rack (1.5.2) lib/rack/content_length.rb:14:in `call'
  rack (1.5.2) lib/rack/handler/webrick.rb:60:in `service'
  /Users/msl/.rvm/rubies/ruby-2.0.0-p247/lib/ruby/2.0.0/webrick/httpserver.rb:138:in `service'
  /Users/msl/.rvm/rubies/ruby-2.0.0-p247/lib/ruby/2.0.0/webrick/httpserver.rb:94:in `run'
  /Users/msl/.rvm/rubies/ruby-2.0.0-p247/lib/ruby/2.0.0/webrick/server.rb:295:in `block in start_thread'


  Rendered /Users/msl/.rvm/gems/ruby-2.0.0-p247/gems/actionpack-4.0.1/lib/action_dispatch/middleware/templates/rescues/_source.erb (0.6ms)
  Rendered /Users/msl/.rvm/gems/ruby-2.0.0-p247/gems/actionpack-4.0.1/lib/action_dispatch/middleware/templates/rescues/_trace.erb (1.0ms)
  Rendered /Users/msl/.rvm/gems/ruby-2.0.0-p247/gems/actionpack-4.0.1/lib/action_dispatch/middleware/templates/rescues/_request_and_response.erb (1.2ms)
  Rendered /Users/msl/.rvm/gems/ruby-2.0.0-p247/gems/actionpack-4.0.1/lib/action_dispatch/middleware/templates/rescues/diagnostics.erb within rescues/layout (14.4ms)


Started GET "/" for 127.0.0.1 at 2013-11-09 14:23:44 +0000
Processing by HomeController#home as HTML
  Rendered home/home.html.erb within layouts/application (1.2ms)
Completed 200 OK in 636ms (Views: 619.9ms | ActiveRecord: 0.0ms)


Started GET "/assets/home.css?body=1" for 127.0.0.1 at 2013-11-09 14:23:45 +0000


Started GET "/assets/turbolinks.js?body=1" for 127.0.0.1 at 2013-11-09 14:23:45 +0000


Started GET "/assets/jquery_ujs.js?body=1" for 127.0.0.1 at 2013-11-09 14:23:45 +0000


Started GET "/assets/jquery.js?body=1" for 127.0.0.1 at 2013-11-09 14:23:45 +0000


Started GET "/assets/application.js?body=1" for 127.0.0.1 at 2013-11-09 14:23:45 +0000


Started GET "/assets/home.js?body=1" for 127.0.0.1 at 2013-11-09 14:23:45 +0000


Started GET "/assets/application.css?body=1" for 127.0.0.1 at 2013-11-09 14:23:45 +0000


Started GET "/" for 127.0.0.1 at 2013-11-09 14:23:47 +0000
Processing by HomeController#home as HTML
  Rendered home/home.html.erb within layouts/application (0.1ms)
Completed 200 OK in 6ms (Views: 4.7ms | ActiveRecord: 0.0ms)


Started GET "/assets/jquery_ujs.js?body=1" for 127.0.0.1 at 2013-11-09 14:23:47 +0000


Started GET "/assets/turbolinks.js?body=1" for 127.0.0.1 at 2013-11-09 14:23:47 +0000


Started GET "/assets/home.css?body=1" for 127.0.0.1 at 2013-11-09 14:23:47 +0000


Started GET "/assets/home.js?body=1" for 127.0.0.1 at 2013-11-09 14:23:47 +0000


Started GET "/assets/jquery.js?body=1" for 127.0.0.1 at 2013-11-09 14:23:47 +0000


Started GET "/assets/application.js?body=1" for 127.0.0.1 at 2013-11-09 14:23:47 +0000


Started GET "/assets/application.css?body=1" for 127.0.0.1 at 2013-11-09 14:23:47 +0000


Started GET "/" for 127.0.0.1 at 2013-11-09 14:24:08 +0000
Processing by HomeController#home as HTML
  Rendered home/home.html.erb within layouts/application (0.1ms)
Completed 200 OK in 1038ms (Views: 6.9ms | ActiveRecord: 0.0ms)


Started GET "/assets/turbolinks.js?body=1" for 127.0.0.1 at 2013-11-09 14:24:09 +0000


Started GET "/assets/jquery_ujs.js?body=1" for 127.0.0.1 at 2013-11-09 14:24:09 +0000


Started GET "/assets/home.js?body=1" for 127.0.0.1 at 2013-11-09 14:24:09 +0000


Started GET "/assets/home.css?body=1" for 127.0.0.1 at 2013-11-09 14:24:09 +0000


Started GET "/assets/application.js?body=1" for 127.0.0.1 at 2013-11-09 14:24:09 +0000


Started GET "/assets/application.css?body=1" for 127.0.0.1 at 2013-11-09 14:24:09 +0000


Started GET "/assets/jquery.js?body=1" for 127.0.0.1 at 2013-11-09 14:24:09 +0000


Started GET "/" for 127.0.0.1 at 2013-11-09 14:24:14 +0000
Processing by HomeController#home as HTML
Completed 500 Internal Server Error in 580ms

NoMethodError (undefined method `encoding' for nil:NilClass):
  app/controllers/home_controller.rb:14:in `home'


  Rendered /Users/msl/.rvm/gems/ruby-2.0.0-p247/gems/actionpack-4.0.1/lib/action_dispatch/middleware/templates/rescues/_source.erb (0.8ms)
  Rendered /Users/msl/.rvm/gems/ruby-2.0.0-p247/gems/actionpack-4.0.1/lib/action_dispatch/middleware/templates/rescues/_trace.erb (1.1ms)
  Rendered /Users/msl/.rvm/gems/ruby-2.0.0-p247/gems/actionpack-4.0.1/lib/action_dispatch/middleware/templates/rescues/_request_and_response.erb (1.0ms)
  Rendered /Users/msl/.rvm/gems/ruby-2.0.0-p247/gems/actionpack-4.0.1/lib/action_dispatch/middleware/templates/rescues/diagnostics.erb within rescues/layout (15.6ms)


Started GET "/" for 127.0.0.1 at 2013-11-09 14:24:53 +0000

SyntaxError (/Users/msl/Documents/programming/ruby/projects/bitbucket-app/app/controllers/home_controller.rb:14: syntax error, unexpected tIDENTIFIER, expecting tCONSTANT
....authorize_url(::oauth_callback => @callback_url)
...                               ^):
  activesupport (4.0.1) lib/active_support/dependencies.rb:424:in `load'
  activesupport (4.0.1) lib/active_support/dependencies.rb:424:in `block in load_file'
  activesupport (4.0.1) lib/active_support/dependencies.rb:616:in `new_constants_in'
  activesupport (4.0.1) lib/active_support/dependencies.rb:423:in `load_file'
  activesupport (4.0.1) lib/active_support/dependencies.rb:324:in `require_or_load'
  activesupport (4.0.1) lib/active_support/dependencies.rb:463:in `load_missing_constant'
  activesupport (4.0.1) lib/active_support/dependencies.rb:184:in `const_missing'
  activesupport (4.0.1) lib/active_support/inflector/methods.rb:226:in `const_get'
  activesupport (4.0.1) lib/active_support/inflector/methods.rb:226:in `block in constantize'
  activesupport (4.0.1) lib/active_support/inflector/methods.rb:224:in `each'
  activesupport (4.0.1) lib/active_support/inflector/methods.rb:224:in `inject'
  activesupport (4.0.1) lib/active_support/inflector/methods.rb:224:in `constantize'
  activesupport (4.0.1) lib/active_support/dependencies.rb:535:in `get'
  activesupport (4.0.1) lib/active_support/dependencies.rb:566:in `constantize'
  actionpack (4.0.1) lib/action_dispatch/routing/route_set.rb:76:in `controller_reference'
  actionpack (4.0.1) lib/action_dispatch/routing/route_set.rb:66:in `controller'
  actionpack (4.0.1) lib/action_dispatch/routing/route_set.rb:44:in `call'
  actionpack (4.0.1) lib/action_dispatch/journey/router.rb:71:in `block in call'
  actionpack (4.0.1) lib/action_dispatch/journey/router.rb:59:in `each'
  actionpack (4.0.1) lib/action_dispatch/journey/router.rb:59:in `call'
  actionpack (4.0.1) lib/action_dispatch/routing/route_set.rb:680:in `call'
  rack (1.5.2) lib/rack/etag.rb:23:in `call'
  rack (1.5.2) lib/rack/conditionalget.rb:25:in `call'
  rack (1.5.2) lib/rack/head.rb:11:in `call'
  actionpack (4.0.1) lib/action_dispatch/middleware/params_parser.rb:27:in `call'
  actionpack (4.0.1) lib/action_dispatch/middleware/flash.rb:241:in `call'
  rack (1.5.2) lib/rack/session/abstract/id.rb:225:in `context'
  rack (1.5.2) lib/rack/session/abstract/id.rb:220:in `call'
  actionpack (4.0.1) lib/action_dispatch/middleware/cookies.rb:486:in `call'
  activerecord (4.0.1) lib/active_record/query_cache.rb:36:in `call'
  activerecord (4.0.1) lib/active_record/connection_adapters/abstract/connection_pool.rb:626:in `call'
  activerecord (4.0.1) lib/active_record/migration.rb:369:in `call'
  actionpack (4.0.1) lib/action_dispatch/middleware/callbacks.rb:29:in `block in call'
  activesupport (4.0.1) lib/active_support/callbacks.rb:373:in `_run__4358849156420642267__call__callbacks'
  activesupport (4.0.1) lib/active_support/callbacks.rb:80:in `run_callbacks'
  actionpack (4.0.1) lib/action_dispatch/middleware/callbacks.rb:27:in `call'
  actionpack (4.0.1) lib/action_dispatch/middleware/reloader.rb:64:in `call'
  actionpack (4.0.1) lib/action_dispatch/middleware/remote_ip.rb:76:in `call'
  actionpack (4.0.1) lib/action_dispatch/middleware/debug_exceptions.rb:17:in `call'
  actionpack (4.0.1) lib/action_dispatch/middleware/show_exceptions.rb:30:in `call'
  railties (4.0.1) lib/rails/rack/logger.rb:38:in `call_app'
  railties (4.0.1) lib/rails/rack/logger.rb:20:in `block in call'
  activesupport (4.0.1) lib/active_support/tagged_logging.rb:67:in `block in tagged'
  activesupport (4.0.1) lib/active_support/tagged_logging.rb:25:in `tagged'
  activesupport (4.0.1) lib/active_support/tagged_logging.rb:67:in `tagged'
  railties (4.0.1) lib/rails/rack/logger.rb:20:in `call'
  actionpack (4.0.1) lib/action_dispatch/middleware/request_id.rb:21:in `call'
  rack (1.5.2) lib/rack/methodoverride.rb:21:in `call'
  rack (1.5.2) lib/rack/runtime.rb:17:in `call'
  activesupport (4.0.1) lib/active_support/cache/strategy/local_cache.rb:83:in `call'
  rack (1.5.2) lib/rack/lock.rb:17:in `call'
  actionpack (4.0.1) lib/action_dispatch/middleware/static.rb:64:in `call'
  rack (1.5.2) lib/rack/sendfile.rb:112:in `call'
  railties (4.0.1) lib/rails/engine.rb:511:in `call'
  railties (4.0.1) lib/rails/application.rb:97:in `call'
  rack (1.5.2) lib/rack/lock.rb:17:in `call'
  rack (1.5.2) lib/rack/content_length.rb:14:in `call'
  rack (1.5.2) lib/rack/handler/webrick.rb:60:in `service'
  /Users/msl/.rvm/rubies/ruby-2.0.0-p247/lib/ruby/2.0.0/webrick/httpserver.rb:138:in `service'
  /Users/msl/.rvm/rubies/ruby-2.0.0-p247/lib/ruby/2.0.0/webrick/httpserver.rb:94:in `run'
  /Users/msl/.rvm/rubies/ruby-2.0.0-p247/lib/ruby/2.0.0/webrick/server.rb:295:in `block in start_thread'


  Rendered /Users/msl/.rvm/gems/ruby-2.0.0-p247/gems/actionpack-4.0.1/lib/action_dispatch/middleware/templates/rescues/_source.erb (0.9ms)
  Rendered /Users/msl/.rvm/gems/ruby-2.0.0-p247/gems/actionpack-4.0.1/lib/action_dispatch/middleware/templates/rescues/_trace.erb (1.1ms)
  Rendered /Users/msl/.rvm/gems/ruby-2.0.0-p247/gems/actionpack-4.0.1/lib/action_dispatch/middleware/templates/rescues/_request_and_response.erb (1.2ms)
  Rendered /Users/msl/.rvm/gems/ruby-2.0.0-p247/gems/actionpack-4.0.1/lib/action_dispatch/middleware/templates/rescues/diagnostics.erb within rescues/layout (15.4ms)


Started GET "/" for 127.0.0.1 at 2013-11-09 14:25:28 +0000
Processing by HomeController#home as HTML
  Rendered home/home.html.erb within layouts/application (0.1ms)
Completed 200 OK in 607ms (Views: 5.8ms | ActiveRecord: 0.0ms)


Started GET "/assets/home.css?body=1" for 127.0.0.1 at 2013-11-09 14:25:29 +0000


Started GET "/assets/jquery.js?body=1" for 127.0.0.1 at 2013-11-09 14:25:29 +0000


Started GET "/assets/application.css?body=1" for 127.0.0.1 at 2013-11-09 14:25:29 +0000


Started GET "/assets/application.js?body=1" for 127.0.0.1 at 2013-11-09 14:25:29 +0000


Started GET "/assets/jquery_ujs.js?body=1" for 127.0.0.1 at 2013-11-09 14:25:29 +0000


Started GET "/assets/turbolinks.js?body=1" for 127.0.0.1 at 2013-11-09 14:25:29 +0000


Started GET "/assets/home.js?body=1" for 127.0.0.1 at 2013-11-09 14:25:29 +0000


Started GET "/" for 127.0.0.1 at 2013-11-09 14:25:29 +0000
Processing by HomeController#home as HTML
  Rendered home/home.html.erb within layouts/application (0.0ms)
Completed 200 OK in 610ms (Views: 4.0ms | ActiveRecord: 0.0ms)


Started GET "/assets/application.css?body=1" for 127.0.0.1 at 2013-11-09 14:25:30 +0000


Started GET "/assets/turbolinks.js?body=1" for 127.0.0.1 at 2013-11-09 14:25:30 +0000


Started GET "/assets/home.css?body=1" for 127.0.0.1 at 2013-11-09 14:25:30 +0000


Started GET "/assets/home.js?body=1" for 127.0.0.1 at 2013-11-09 14:25:30 +0000


Started GET "/assets/jquery_ujs.js?body=1" for 127.0.0.1 at 2013-11-09 14:25:30 +0000


Started GET "/assets/jquery.js?body=1" for 127.0.0.1 at 2013-11-09 14:25:30 +0000


Started GET "/assets/application.js?body=1" for 127.0.0.1 at 2013-11-09 14:25:30 +0000


Started GET "/" for 127.0.0.1 at 2013-11-09 14:26:09 +0000
Processing by HomeController#home as HTML
  Rendered home/home.html.erb within layouts/application (0.1ms)
Completed 200 OK in 728ms (Views: 4.7ms | ActiveRecord: 0.0ms)


Started GET "/assets/application.css?body=1" for 127.0.0.1 at 2013-11-09 14:26:10 +0000


Started GET "/assets/home.css?body=1" for 127.0.0.1 at 2013-11-09 14:26:10 +0000


Started GET "/assets/home.js?body=1" for 127.0.0.1 at 2013-11-09 14:26:10 +0000


Started GET "/assets/jquery.js?body=1" for 127.0.0.1 at 2013-11-09 14:26:10 +0000


Started GET "/assets/jquery_ujs.js?body=1" for 127.0.0.1 at 2013-11-09 14:26:10 +0000


Started GET "/assets/turbolinks.js?body=1" for 127.0.0.1 at 2013-11-09 14:26:10 +0000


Started GET "/assets/application.js?body=1" for 127.0.0.1 at 2013-11-09 14:26:10 +0000


Started GET "/" for 127.0.0.1 at 2013-11-09 14:26:10 +0000
Processing by HomeController#home as HTML
  Rendered home/home.html.erb within layouts/application (0.1ms)
Completed 200 OK in 696ms (Views: 3.8ms | ActiveRecord: 0.0ms)


Started GET "/assets/home.css?body=1" for 127.0.0.1 at 2013-11-09 14:26:11 +0000


Started GET "/assets/home.js?body=1" for 127.0.0.1 at 2013-11-09 14:26:11 +0000


Started GET "/assets/turbolinks.js?body=1" for 127.0.0.1 at 2013-11-09 14:26:11 +0000


Started GET "/assets/application.css?body=1" for 127.0.0.1 at 2013-11-09 14:26:11 +0000


Started GET "/assets/jquery_ujs.js?body=1" for 127.0.0.1 at 2013-11-09 14:26:11 +0000


Started GET "/assets/jquery.js?body=1" for 127.0.0.1 at 2013-11-09 14:26:11 +0000


Started GET "/assets/application.js?body=1" for 127.0.0.1 at 2013-11-09 14:26:11 +0000


Started GET "/" for 127.0.0.1 at 2013-11-09 14:26:26 +0000
Processing by HomeController#home as HTML
  Rendered home/home.html.erb within layouts/application (0.1ms)
Completed 200 OK in 652ms (Views: 4.8ms | ActiveRecord: 0.0ms)


Started GET "/assets/application.css?body=1" for 127.0.0.1 at 2013-11-09 14:26:26 +0000


Started GET "/assets/home.css?body=1" for 127.0.0.1 at 2013-11-09 14:26:26 +0000


Started GET "/assets/turbolinks.js?body=1" for 127.0.0.1 at 2013-11-09 14:26:26 +0000


Started GET "/assets/jquery.js?body=1" for 127.0.0.1 at 2013-11-09 14:26:26 +0000


Started GET "/assets/jquery_ujs.js?body=1" for 127.0.0.1 at 2013-11-09 14:26:26 +0000


Started GET "/assets/home.js?body=1" for 127.0.0.1 at 2013-11-09 14:26:26 +0000


Started GET "/assets/application.js?body=1" for 127.0.0.1 at 2013-11-09 14:26:26 +0000


Started GET "/" for 127.0.0.1 at 2013-11-09 14:26:28 +0000
Processing by HomeController#home as HTML
  Rendered home/home.html.erb within layouts/application (0.1ms)
Completed 200 OK in 729ms (Views: 4.2ms | ActiveRecord: 0.0ms)


Started GET "/assets/application.css?body=1" for 127.0.0.1 at 2013-11-09 14:26:28 +0000


Started GET "/assets/jquery_ujs.js?body=1" for 127.0.0.1 at 2013-11-09 14:26:28 +0000


Started GET "/assets/jquery.js?body=1" for 127.0.0.1 at 2013-11-09 14:26:28 +0000


Started GET "/assets/turbolinks.js?body=1" for 127.0.0.1 at 2013-11-09 14:26:28 +0000


Started GET "/assets/home.css?body=1" for 127.0.0.1 at 2013-11-09 14:26:28 +0000


Started GET "/assets/home.js?body=1" for 127.0.0.1 at 2013-11-09 14:26:28 +0000


Started GET "/assets/application.js?body=1" for 127.0.0.1 at 2013-11-09 14:26:28 +0000


Started GET "/" for 127.0.0.1 at 2013-11-09 14:26:34 +0000
Processing by HomeController#home as HTML
Completed 500 Internal Server Error in 586ms

NoMethodError (undefined method `encoding' for nil:NilClass):
  app/controllers/home_controller.rb:18:in `home'


  Rendered /Users/msl/.rvm/gems/ruby-2.0.0-p247/gems/actionpack-4.0.1/lib/action_dispatch/middleware/templates/rescues/_source.erb (1.1ms)
  Rendered /Users/msl/.rvm/gems/ruby-2.0.0-p247/gems/actionpack-4.0.1/lib/action_dispatch/middleware/templates/rescues/_trace.erb (1.3ms)
  Rendered /Users/msl/.rvm/gems/ruby-2.0.0-p247/gems/actionpack-4.0.1/lib/action_dispatch/middleware/templates/rescues/_request_and_response.erb (1.1ms)
  Rendered /Users/msl/.rvm/gems/ruby-2.0.0-p247/gems/actionpack-4.0.1/lib/action_dispatch/middleware/templates/rescues/diagnostics.erb within rescues/layout (15.7ms)


Started GET "/" for 127.0.0.1 at 2013-11-09 14:26:52 +0000
Processing by HomeController#home as HTML
Redirected to https://bitbucket.org/api/1.0/oauth/authorize?oauth_callback=https%3A%2F%2Fbitbucket.org%2Fapi%2F1.0%2Foauth%2Fcallback&oauth_token=QmjtBNqzQr7buKRs3X
Completed 302 Found in 657ms (ActiveRecord: 0.0ms)


Started GET "/" for 127.0.0.1 at 2013-11-09 14:27:19 +0000
Processing by HomeController#home as HTML
Redirected to https://bitbucket.org/api/1.0/oauth/authorize?oauth_callback=https%3A%2F%2Fbitbucket.org%2Fapi%2F1.0%2Foauth%2Fcallback&oauth_token=WewGFtyKR3wRCgB4qv
Completed 302 Found in 664ms (ActiveRecord: 0.0ms)


Started GET "/" for 127.0.0.1 at 2013-11-09 14:27:32 +0000
Processing by HomeController#home as HTML
  Rendered home/home.html.erb within layouts/application (0.1ms)
Completed 200 OK in 675ms (Views: 4.9ms | ActiveRecord: 0.0ms)


Started GET "/assets/application.css?body=1" for 127.0.0.1 at 2013-11-09 14:27:32 +0000


Started GET "/assets/home.css?body=1" for 127.0.0.1 at 2013-11-09 14:27:32 +0000


Started GET "/assets/jquery_ujs.js?body=1" for 127.0.0.1 at 2013-11-09 14:27:32 +0000


Started GET "/assets/jquery.js?body=1" for 127.0.0.1 at 2013-11-09 14:27:32 +0000


Started GET "/assets/turbolinks.js?body=1" for 127.0.0.1 at 2013-11-09 14:27:32 +0000


Started GET "/assets/application.js?body=1" for 127.0.0.1 at 2013-11-09 14:27:32 +0000


Started GET "/assets/home.js?body=1" for 127.0.0.1 at 2013-11-09 14:27:32 +0000


Started GET "/" for 127.0.0.1 at 2013-11-09 14:27:33 +0000
Processing by HomeController#home as HTML
  Rendered home/home.html.erb within layouts/application (0.0ms)
Completed 200 OK in 632ms (Views: 3.8ms | ActiveRecord: 0.0ms)


Started GET "/assets/turbolinks.js?body=1" for 127.0.0.1 at 2013-11-09 14:27:34 +0000


Started GET "/assets/jquery.js?body=1" for 127.0.0.1 at 2013-11-09 14:27:34 +0000


Started GET "/assets/jquery_ujs.js?body=1" for 127.0.0.1 at 2013-11-09 14:27:34 +0000


Started GET "/assets/home.js?body=1" for 127.0.0.1 at 2013-11-09 14:27:34 +0000


Started GET "/assets/application.css?body=1" for 127.0.0.1 at 2013-11-09 14:27:34 +0000


Started GET "/assets/home.css?body=1" for 127.0.0.1 at 2013-11-09 14:27:34 +0000


Started GET "/assets/application.js?body=1" for 127.0.0.1 at 2013-11-09 14:27:34 +0000


Started GET "/" for 127.0.0.1 at 2013-11-09 14:28:52 +0000
Processing by HomeController#home as HTML
Redirected to https://bitbucket.org/api/1.0/oauth/authorize?oauth_callback=https%3A%2F%2Fbitbucket.org%2Fapi%2F1.0%2Foauth%2Fcallback&oauth_token=xZeJYQAgyYsVXBdK6H
Completed 302 Found in 683ms (ActiveRecord: 0.0ms)


Started GET "/" for 127.0.0.1 at 2013-11-09 14:29:31 +0000
Processing by HomeController#home as HTML
Redirected to https://bitbucket.org/api/1.0/oauth/authorize?oauth_callback=https%3A%2F%2Fbitbucket.org%2Fapi%2F1.0%2Foauth%2Fcallback&oauth_token=FfmgtAQJcsPQcwfLTT
Completed 302 Found in 597ms (ActiveRecord: 0.0ms)


Started GET "/" for 127.0.0.1 at 2013-11-09 14:34:48 +0000
Processing by HomeController#home as HTML
Redirected to https://bitbucket.org/api/1.0/oauth/authorize?oauth_callback=https%3A%2F%2Fbitbucket.org%2Fapi%2F1.0%2Foauth%2Fcallback&oauth_token=e8ELZ8cL7cbL8rGG7s
Completed 302 Found in 594ms (ActiveRecord: 0.0ms)


Started GET "/" for 127.0.0.1 at 2013-11-09 14:35:07 +0000
Processing by HomeController#home as HTML
Redirected to https://bitbucket.org/api/1.0/oauth/authorize?oauth_callback=https%3A%2F%2Fbitbucket.org%2Fapi%2F1.0%2Foauth%2Fcallback&oauth_token=CcVYs9fMXAR98SxCmG
Completed 302 Found in 663ms (ActiveRecord: 0.0ms)


Started GET "/" for 127.0.0.1 at 2013-11-09 14:36:27 +0000
Processing by HomeController#home as HTML
Redirected to https://bitbucket.org/api/1.0/oauth/authorize?oauth_callback=https%3A%2F%2Fbitbucket.org%2Fapi%2F1.0%2Foauth%2Fcallback&oauth_token=CE8ADfCwpfygbYbkha
Completed 302 Found in 608ms (ActiveRecord: 0.0ms)
